1.1515 	WARNING 	We strongly recommend you activate the PTB sound engine in PsychoPy prefs as the preferred audio engine. Its timing is vastly superior. Your prefs are currently set to use ['sounddevice', 'PTB', 'pyo', 'pygame'] (in that order).
5.6838 	WARNING 	User requested fullscreen with size [1024  768], but screen is actually [1440, 900]. Using actual size
6.3139 	EXP 	Created window1 = Window(allowGUI=True, allowStencil=False, autoLog=True, backendConf=UNKNOWN, bitsMode=UNKNOWN, blendMode='avg', bpc=(8, 8, 8), color=array([0, 0, 0]), colorSpace='rgb', depthBits=8, fullscr=<method-wrapper '__getattribute__' of attributeSetter object at 0x7f8311a7ef40>, gamma=None, gammaErrorPolicy='raise', lms=UNKNOWN, monitor=<psychopy.monitors.calibTools.Monitor object at 0x7f82c66d19d0>, multiSample=False, name='window1', numSamples=2, pos=[360.0, 225.0], screen=0, size=array([2880, 1800]), stencilBits=0, stereo=False, units='height', useFBO=True, useRetina=True, viewOri=0.0, viewPos=None, viewScale=None, waitBlanking=True, winType='pyglet')
6.3142 	EXP 	window1: mouseVisible = True
6.3149 	EXP 	window1: mouseVisible = False
6.3149 	EXP 	window1: Attempting to measure frame rate of screen (0) ...
6.3150 	EXP 	window1: recordFrameIntervals = False
6.4792 	EXP 	window1: recordFrameIntervals = True
6.6631 	EXP 	Screen (0) actual frame rate measured at 59.99Hz
6.6631 	EXP 	window1: recordFrameIntervals = False
8.3356 	EXP 	Created fixation = ShapeStim(__class__=<class 'psychopy.visual.shape.ShapeStim'>, anchor=('center', 'center'), autoDraw=False, autoLog=True, closeShape=True, color=method-wrapper(...), colorSpace='rgb', contrast=None, depth=-1.0, fillColor=array([1, 1, 1]), fillColorSpace='rgb', fillRGB=array([1, 1, 1]), interpolate=True, lineColor=array([1, 1, 1]), lineColorSpace='rgb', lineRGB=array([1, 1, 1]), lineWidth=1.0, name='fixation', opacity=1.0, ori=0.0, pos=array([0., 0.]), size=array([10., 10.]), units='pix', vertices=ndarray(...), win=Window(...), windingRule=None)
8.3427 	EXP 	Created grating = GratingStim(__class__=<class 'psychopy.visual.grating.GratingStim'>, anchor='center', autoDraw=False, autoLog=True, blendmode='avg', color=array([1, 1, 1]), colorSpace='rgb', contrast=1.0, depth=-2.0, interpolate=True, mask='circle', maskParams=None, name='grating', opacity=1.0, ori=0.0, phase=array([0., 0.]), pos=array([0., 0.]), rgbPedestal=array([0., 0., 0.]), sf=array([5., 5.]), size=array([0.1, 0.1]), tex='sin', texRes=128.0, units='height', win=Window(...))
8.3495 	EXP 	Imported /Users/tanmayikalapatapu/Downloads/Book 2.xlsx as conditions, 1 conditions, 5 params
8.4424 	EXP 	window1: recordFrameIntervals = False
8.4514 	EXP 	window1: recordFrameIntervals = False
9.4381 	EXP 	fixation: autoDraw = True
10.3461 	EXP 	grating: autoDraw = True
10.3461 	EXP 	grating: tex = 'sin'
10.4452 	EXP 	fixation: autoDraw = False
10.6453 	EXP 	grating: autoDraw = False
10.8403 	EXP 	window1: recordFrameIntervals = False
10.8458 	EXP 	fixation: autoDraw = False
10.8458 	EXP 	grating: autoDraw = False
10.8459 	EXP 	window1: recordFrameIntervals = False
11.7287 	DATA 	Keypress: right
11.8333 	EXP 	fixation: autoDraw = True
12.8454 	EXP 	fixation: autoDraw = False
12.8454 	EXP 	grating: autoDraw = True
12.8454 	EXP 	grating: tex = 'sin'
13.1451 	EXP 	grating: autoDraw = False
13.2143 	EXP 	window1: recordFrameIntervals = False
13.2168 	DATA 	Keypress: left
13.2289 	EXP 	fixation: autoDraw = False
13.2289 	EXP 	grating: autoDraw = False
13.2290 	EXP 	window1: recordFrameIntervals = False
14.2070 	EXP 	fixation: autoDraw = True
15.2122 	EXP 	fixation: autoDraw = False
15.2286 	EXP 	grating: autoDraw = True
15.2286 	EXP 	grating: tex = 'sin'
15.5287 	EXP 	grating: autoDraw = False
15.8317 	EXP 	window1: recordFrameIntervals = False
15.8502 	DATA 	Keypress: left
15.8550 	EXP 	fixation: autoDraw = False
15.8550 	EXP 	grating: autoDraw = False
15.8551 	EXP 	window1: recordFrameIntervals = False
16.8248 	EXP 	fixation: autoDraw = True
17.8288 	EXP 	fixation: autoDraw = False
17.8453 	EXP 	grating: autoDraw = True
17.8453 	EXP 	grating: tex = 'sin'
18.1462 	EXP 	grating: autoDraw = False
18.2308 	EXP 	window1: recordFrameIntervals = False
18.2328 	DATA 	Keypress: right
18.2456 	EXP 	fixation: autoDraw = False
18.2456 	EXP 	grating: autoDraw = False
18.2457 	EXP 	window1: recordFrameIntervals = False
19.2233 	EXP 	fixation: autoDraw = True
20.2284 	EXP 	fixation: autoDraw = False
20.2284 	EXP 	grating: autoDraw = True
20.2284 	EXP 	grating: tex = 'sin'
20.5285 	EXP 	grating: autoDraw = False
20.5643 	EXP 	window1: recordFrameIntervals = False
20.5665 	DATA 	Keypress: right
20.5794 	EXP 	fixation: autoDraw = False
20.5794 	EXP 	grating: autoDraw = False
20.5795 	EXP 	window1: recordFrameIntervals = False
21.5574 	EXP 	fixation: autoDraw = True
22.5624 	EXP 	fixation: autoDraw = False
22.5787 	EXP 	grating: autoDraw = True
22.5787 	EXP 	grating: tex = 'sin'
22.8794 	EXP 	grating: autoDraw = False
22.9812 	EXP 	window1: recordFrameIntervals = False
22.9832 	DATA 	Keypress: left
22.9954 	EXP 	fixation: autoDraw = False
22.9954 	EXP 	grating: autoDraw = False
22.9955 	EXP 	window1: recordFrameIntervals = False
23.9738 	EXP 	fixation: autoDraw = True
24.9793 	EXP 	fixation: autoDraw = False
24.9793 	EXP 	grating: autoDraw = True
24.9793 	EXP 	grating: tex = 'sin'
25.2790 	EXP 	grating: autoDraw = False
25.3309 	EXP 	window1: recordFrameIntervals = False
25.3329 	DATA 	Keypress: left
25.3463 	EXP 	fixation: autoDraw = False
25.3463 	EXP 	grating: autoDraw = False
25.3464 	EXP 	window1: recordFrameIntervals = False
26.3238 	EXP 	fixation: autoDraw = True
27.3287 	EXP 	fixation: autoDraw = False
27.3456 	EXP 	grating: autoDraw = True
27.3456 	EXP 	grating: tex = 'sin'
27.6453 	EXP 	grating: autoDraw = False
27.7148 	EXP 	window1: recordFrameIntervals = False
27.7172 	DATA 	Keypress: left
27.7290 	EXP 	fixation: autoDraw = False
27.7290 	EXP 	grating: autoDraw = False
27.7291 	EXP 	window1: recordFrameIntervals = False
28.7075 	EXP 	fixation: autoDraw = True
29.7131 	EXP 	fixation: autoDraw = False
29.7294 	EXP 	grating: autoDraw = True
29.7294 	EXP 	grating: tex = 'sin'
30.0287 	EXP 	grating: autoDraw = False
30.0980 	EXP 	window1: recordFrameIntervals = False
30.1002 	DATA 	Keypress: left
30.1122 	EXP 	fixation: autoDraw = False
30.1122 	EXP 	grating: autoDraw = False
30.1123 	EXP 	window1: recordFrameIntervals = False
31.0907 	EXP 	fixation: autoDraw = True
32.0955 	EXP 	fixation: autoDraw = False
32.0955 	EXP 	grating: autoDraw = True
32.0955 	EXP 	grating: tex = 'sin'
32.3954 	EXP 	grating: autoDraw = False
32.5983 	EXP 	window1: recordFrameIntervals = False
32.6007 	DATA 	Keypress: left
32.6127 	EXP 	fixation: autoDraw = False
32.6127 	EXP 	grating: autoDraw = False
32.6128 	EXP 	window1: recordFrameIntervals = False
33.5910 	EXP 	fixation: autoDraw = True
34.5964 	EXP 	fixation: autoDraw = False
34.6125 	EXP 	grating: autoDraw = True
34.6125 	EXP 	grating: tex = 'sin'
34.9127 	EXP 	grating: autoDraw = False
35.0479 	EXP 	window1: recordFrameIntervals = False
35.0501 	DATA 	Keypress: right
35.0620 	EXP 	fixation: autoDraw = False
35.0620 	EXP 	grating: autoDraw = False
35.0621 	EXP 	window1: recordFrameIntervals = False
36.0412 	EXP 	fixation: autoDraw = True
37.0465 	EXP 	fixation: autoDraw = False
37.0465 	EXP 	grating: autoDraw = True
37.0465 	EXP 	grating: tex = 'sin'
37.3465 	EXP 	grating: autoDraw = False
37.5312 	EXP 	window1: recordFrameIntervals = False
37.5332 	DATA 	Keypress: right
37.5464 	EXP 	fixation: autoDraw = False
37.5464 	EXP 	grating: autoDraw = False
37.5465 	EXP 	window1: recordFrameIntervals = False
38.5241 	EXP 	fixation: autoDraw = True
39.5294 	EXP 	fixation: autoDraw = False
39.5294 	EXP 	grating: autoDraw = True
39.5294 	EXP 	grating: tex = 'sin'
39.8291 	EXP 	grating: autoDraw = False
39.9143 	EXP 	window1: recordFrameIntervals = False
39.9164 	DATA 	Keypress: right
39.9295 	EXP 	fixation: autoDraw = False
39.9295 	EXP 	grating: autoDraw = False
39.9296 	EXP 	window1: recordFrameIntervals = False
40.9067 	EXP 	fixation: autoDraw = True
41.9126 	EXP 	fixation: autoDraw = False
41.9296 	EXP 	grating: autoDraw = True
41.9296 	EXP 	grating: tex = 'sin'
42.2288 	EXP 	grating: autoDraw = False
42.3310 	EXP 	window1: recordFrameIntervals = False
42.3330 	DATA 	Keypress: right
42.3460 	EXP 	fixation: autoDraw = False
42.3460 	EXP 	grating: autoDraw = False
42.3461 	EXP 	window1: recordFrameIntervals = False
43.3237 	EXP 	fixation: autoDraw = True
44.3292 	EXP 	fixation: autoDraw = False
44.3462 	EXP 	grating: autoDraw = True
44.3462 	EXP 	grating: tex = 'sin'
44.6454 	EXP 	grating: autoDraw = False
44.6650 	EXP 	window1: recordFrameIntervals = False
44.6670 	DATA 	Keypress: right
44.6790 	EXP 	fixation: autoDraw = False
44.6790 	EXP 	grating: autoDraw = False
44.6791 	EXP 	window1: recordFrameIntervals = False
45.6582 	EXP 	fixation: autoDraw = True
46.6627 	EXP 	fixation: autoDraw = False
46.6789 	EXP 	grating: autoDraw = True
46.6789 	EXP 	grating: tex = 'sin'
46.9795 	EXP 	grating: autoDraw = False
47.1308 	EXP 	window1: recordFrameIntervals = False
47.1328 	DATA 	Keypress: left
47.1460 	EXP 	fixation: autoDraw = False
47.1460 	EXP 	grating: autoDraw = False
47.1461 	EXP 	window1: recordFrameIntervals = False
48.1233 	EXP 	fixation: autoDraw = True
49.1288 	EXP 	fixation: autoDraw = False
49.1288 	EXP 	grating: autoDraw = True
49.1288 	EXP 	grating: tex = 'sin'
49.4297 	EXP 	grating: autoDraw = False
49.5314 	EXP 	window1: recordFrameIntervals = False
49.5333 	DATA 	Keypress: right
49.5464 	EXP 	fixation: autoDraw = False
49.5464 	EXP 	grating: autoDraw = False
49.5465 	EXP 	window1: recordFrameIntervals = False
50.5243 	EXP 	fixation: autoDraw = True
51.5291 	EXP 	fixation: autoDraw = False
51.5461 	EXP 	grating: autoDraw = True
51.5461 	EXP 	grating: tex = 'sin'
51.8457 	EXP 	grating: autoDraw = False
51.8810 	EXP 	window1: recordFrameIntervals = False
51.8832 	DATA 	Keypress: right
51.8966 	EXP 	fixation: autoDraw = False
51.8966 	EXP 	grating: autoDraw = False
51.8967 	EXP 	window1: recordFrameIntervals = False
52.8738 	EXP 	fixation: autoDraw = True
53.8792 	EXP 	fixation: autoDraw = False
53.8954 	EXP 	grating: autoDraw = True
53.8954 	EXP 	grating: tex = 'sin'
54.1960 	EXP 	grating: autoDraw = False
54.3644 	EXP 	window1: recordFrameIntervals = False
54.3664 	DATA 	Keypress: left
54.3799 	EXP 	fixation: autoDraw = False
54.3799 	EXP 	grating: autoDraw = False
54.3800 	EXP 	window1: recordFrameIntervals = False
55.3573 	EXP 	fixation: autoDraw = True
56.3627 	EXP 	fixation: autoDraw = False
56.3801 	EXP 	grating: autoDraw = True
56.3801 	EXP 	grating: tex = 'sin'
56.6792 	EXP 	grating: autoDraw = False
56.7980 	EXP 	window1: recordFrameIntervals = False
56.8000 	DATA 	Keypress: right
56.8131 	EXP 	fixation: autoDraw = False
56.8131 	EXP 	grating: autoDraw = False
56.8132 	EXP 	window1: recordFrameIntervals = False
57.7908 	EXP 	fixation: autoDraw = True
58.7967 	EXP 	fixation: autoDraw = False
58.7967 	EXP 	grating: autoDraw = True
58.7967 	EXP 	grating: tex = 'sin'
59.0959 	EXP 	grating: autoDraw = False
59.2147 	EXP 	window1: recordFrameIntervals = False
59.2167 	DATA 	Keypress: right
59.2298 	EXP 	fixation: autoDraw = False
59.2298 	EXP 	grating: autoDraw = False
59.2299 	EXP 	window1: recordFrameIntervals = False
60.2074 	EXP 	fixation: autoDraw = True
61.7042 	EXP 	fixation: autoDraw = False
61.7042 	EXP 	grating: autoDraw = True
61.7042 	EXP 	grating: tex = 'sin'
62.0126 	EXP 	grating: autoDraw = False
62.0820 	EXP 	window1: recordFrameIntervals = False
62.0842 	DATA 	Keypress: left
62.0967 	EXP 	fixation: autoDraw = False
62.0967 	EXP 	grating: autoDraw = False
62.0969 	EXP 	window1: recordFrameIntervals = False
63.0746 	EXP 	fixation: autoDraw = True
64.0793 	EXP 	fixation: autoDraw = False
64.0958 	EXP 	grating: autoDraw = True
64.0958 	EXP 	grating: tex = 'sin'
64.3964 	EXP 	grating: autoDraw = False
64.4648 	EXP 	window1: recordFrameIntervals = False
64.4667 	DATA 	Keypress: right
64.4793 	EXP 	fixation: autoDraw = False
64.4793 	EXP 	grating: autoDraw = False
64.4794 	EXP 	window1: recordFrameIntervals = False
65.4580 	EXP 	fixation: autoDraw = True
66.4624 	EXP 	fixation: autoDraw = False
66.4795 	EXP 	grating: autoDraw = True
66.4795 	EXP 	grating: tex = 'sin'
66.7791 	EXP 	grating: autoDraw = False
66.7984 	EXP 	window1: recordFrameIntervals = False
66.8005 	DATA 	Keypress: right
66.8138 	EXP 	fixation: autoDraw = False
66.8138 	EXP 	grating: autoDraw = False
66.8139 	EXP 	window1: recordFrameIntervals = False
67.7912 	EXP 	fixation: autoDraw = True
68.7970 	EXP 	fixation: autoDraw = False
68.8130 	EXP 	grating: autoDraw = True
68.8130 	EXP 	grating: tex = 'sin'
68.8167 	DATA 	Keypress: left
69.1126 	EXP 	grating: autoDraw = False
75.5488 	EXP 	window1: recordFrameIntervals = False
75.5509 	DATA 	Keypress: left
75.5634 	EXP 	fixation: autoDraw = False
75.5634 	EXP 	grating: autoDraw = False
75.5636 	EXP 	window1: recordFrameIntervals = False
76.5415 	EXP 	fixation: autoDraw = True
77.5467 	EXP 	fixation: autoDraw = False
77.5636 	EXP 	grating: autoDraw = True
77.5636 	EXP 	grating: tex = 'sin'
77.8794 	EXP 	grating: autoDraw = False
78.2650 	EXP 	window1: recordFrameIntervals = False
78.2670 	DATA 	Keypress: right
78.2796 	EXP 	fixation: autoDraw = False
78.2796 	EXP 	grating: autoDraw = False
78.2797 	EXP 	window1: recordFrameIntervals = False
79.2580 	EXP 	fixation: autoDraw = True
80.2630 	EXP 	fixation: autoDraw = False
80.2793 	EXP 	grating: autoDraw = True
80.2793 	EXP 	grating: tex = 'sin'
80.5793 	EXP 	grating: autoDraw = False
80.9481 	EXP 	window1: recordFrameIntervals = False
80.9502 	DATA 	Keypress: right
80.9633 	EXP 	fixation: autoDraw = False
80.9633 	EXP 	grating: autoDraw = False
80.9634 	EXP 	window1: recordFrameIntervals = False
81.9420 	EXP 	fixation: autoDraw = True
82.9462 	EXP 	fixation: autoDraw = False
82.9629 	EXP 	grating: autoDraw = True
82.9629 	EXP 	grating: tex = 'sin'
83.2636 	EXP 	grating: autoDraw = False
83.3817 	EXP 	window1: recordFrameIntervals = False
83.3837 	DATA 	Keypress: right
83.3968 	EXP 	fixation: autoDraw = False
83.3968 	EXP 	grating: autoDraw = False
83.3969 	EXP 	window1: recordFrameIntervals = False
84.3754 	EXP 	fixation: autoDraw = True
85.3799 	EXP 	fixation: autoDraw = False
85.3959 	EXP 	grating: autoDraw = True
85.3959 	EXP 	grating: tex = 'sin'
85.6961 	EXP 	grating: autoDraw = False
85.8317 	EXP 	window1: recordFrameIntervals = False
85.8338 	DATA 	Keypress: left
85.8462 	EXP 	fixation: autoDraw = False
85.8462 	EXP 	grating: autoDraw = False
85.8463 	EXP 	window1: recordFrameIntervals = False
86.8241 	EXP 	fixation: autoDraw = True
87.8298 	EXP 	fixation: autoDraw = False
87.8466 	EXP 	grating: autoDraw = True
87.8466 	EXP 	grating: tex = 'sin'
88.1462 	EXP 	grating: autoDraw = False
88.2980 	EXP 	window1: recordFrameIntervals = False
88.3000 	DATA 	Keypress: left
88.3136 	EXP 	fixation: autoDraw = False
88.3136 	EXP 	grating: autoDraw = False
88.3137 	EXP 	window1: recordFrameIntervals = False
89.2907 	EXP 	fixation: autoDraw = True
90.2963 	EXP 	fixation: autoDraw = False
90.3136 	EXP 	grating: autoDraw = True
90.3136 	EXP 	grating: tex = 'sin'
90.6128 	EXP 	grating: autoDraw = False
90.7320 	EXP 	window1: recordFrameIntervals = False
90.7341 	DATA 	Keypress: left
90.7469 	EXP 	fixation: autoDraw = False
90.7469 	EXP 	grating: autoDraw = False
90.7470 	EXP 	window1: recordFrameIntervals = False
91.7252 	EXP 	fixation: autoDraw = True
92.7302 	EXP 	fixation: autoDraw = False
92.7468 	EXP 	grating: autoDraw = True
92.7468 	EXP 	grating: tex = 'sin'
93.0465 	EXP 	grating: autoDraw = False
93.1820 	EXP 	window1: recordFrameIntervals = False
93.1842 	DATA 	Keypress: right
93.1962 	EXP 	fixation: autoDraw = False
93.1962 	EXP 	grating: autoDraw = False
93.1963 	EXP 	window1: recordFrameIntervals = False
94.1749 	EXP 	fixation: autoDraw = True
95.1802 	EXP 	fixation: autoDraw = False
95.1802 	EXP 	grating: autoDraw = True
95.1802 	EXP 	grating: tex = 'sin'
95.4797 	EXP 	grating: autoDraw = False
95.5820 	EXP 	window1: recordFrameIntervals = False
95.5841 	DATA 	Keypress: left
95.5969 	EXP 	fixation: autoDraw = False
95.5969 	EXP 	grating: autoDraw = False
95.5970 	EXP 	window1: recordFrameIntervals = False
96.5749 	EXP 	fixation: autoDraw = True
97.5803 	EXP 	fixation: autoDraw = False
97.5971 	EXP 	grating: autoDraw = True
97.5971 	EXP 	grating: tex = 'sin'
97.8967 	EXP 	grating: autoDraw = False
98.0484 	EXP 	window1: recordFrameIntervals = False
98.0504 	DATA 	Keypress: left
98.0639 	EXP 	fixation: autoDraw = False
98.0639 	EXP 	grating: autoDraw = False
98.0640 	EXP 	window1: recordFrameIntervals = False
99.0411 	EXP 	fixation: autoDraw = True
100.0465 	EXP 	fixation: autoDraw = False
100.0465 	EXP 	grating: autoDraw = True
100.0465 	EXP 	grating: tex = 'sin'
100.3465 	EXP 	grating: autoDraw = False
100.4314 	EXP 	window1: recordFrameIntervals = False
100.4334 	DATA 	Keypress: right
100.4470 	EXP 	fixation: autoDraw = False
100.4470 	EXP 	grating: autoDraw = False
100.4471 	EXP 	window1: recordFrameIntervals = False
101.4241 	EXP 	fixation: autoDraw = True
102.4300 	EXP 	fixation: autoDraw = False
102.4300 	EXP 	grating: autoDraw = True
102.4300 	EXP 	grating: tex = 'sin'
102.7299 	EXP 	grating: autoDraw = False
102.7319 	EXP 	window1: recordFrameIntervals = False
102.7343 	DATA 	Keypress: right
102.7469 	EXP 	fixation: autoDraw = False
102.7469 	EXP 	grating: autoDraw = False
102.7470 	EXP 	window1: recordFrameIntervals = False
103.7245 	EXP 	fixation: autoDraw = True
104.7307 	EXP 	fixation: autoDraw = False
104.7307 	EXP 	grating: autoDraw = True
104.7307 	EXP 	grating: tex = 'sin'
105.0297 	EXP 	grating: autoDraw = False
105.1653 	EXP 	window1: recordFrameIntervals = False
105.1677 	DATA 	Keypress: left
105.1806 	EXP 	fixation: autoDraw = False
105.1806 	EXP 	grating: autoDraw = False
105.1807 	EXP 	window1: recordFrameIntervals = False
106.1582 	EXP 	fixation: autoDraw = True
107.1627 	EXP 	fixation: autoDraw = False
107.1799 	EXP 	grating: autoDraw = True
107.1799 	EXP 	grating: tex = 'sin'
107.4805 	EXP 	grating: autoDraw = False
107.4990 	EXP 	window1: recordFrameIntervals = False
107.5011 	DATA 	Keypress: right
107.5130 	EXP 	fixation: autoDraw = False
107.5130 	EXP 	grating: autoDraw = False
107.5131 	EXP 	window1: recordFrameIntervals = False
108.4916 	EXP 	fixation: autoDraw = True
109.4964 	EXP 	fixation: autoDraw = False
109.5135 	EXP 	grating: autoDraw = True
109.5135 	EXP 	grating: tex = 'sin'
109.8130 	EXP 	grating: autoDraw = False
109.9155 	EXP 	window1: recordFrameIntervals = False
109.9174 	DATA 	Keypress: left
109.9298 	EXP 	fixation: autoDraw = False
109.9298 	EXP 	grating: autoDraw = False
109.9299 	EXP 	window1: recordFrameIntervals = False
110.9084 	EXP 	fixation: autoDraw = True
111.9128 	EXP 	fixation: autoDraw = False
111.9299 	EXP 	grating: autoDraw = True
111.9299 	EXP 	grating: tex = 'sin'
112.2295 	EXP 	grating: autoDraw = False
112.3483 	EXP 	window1: recordFrameIntervals = False
112.3503 	DATA 	Keypress: right
112.3634 	EXP 	fixation: autoDraw = False
112.3634 	EXP 	grating: autoDraw = False
112.3635 	EXP 	window1: recordFrameIntervals = False
113.3410 	EXP 	fixation: autoDraw = True
114.3474 	EXP 	fixation: autoDraw = False
114.3638 	EXP 	grating: autoDraw = True
114.3638 	EXP 	grating: tex = 'sin'
114.6633 	EXP 	grating: autoDraw = False
114.7320 	EXP 	window1: recordFrameIntervals = False
114.7342 	DATA 	Keypress: left
114.7472 	EXP 	fixation: autoDraw = False
114.7472 	EXP 	grating: autoDraw = False
114.7473 	EXP 	window1: recordFrameIntervals = False
115.7257 	EXP 	fixation: autoDraw = True
116.7303 	EXP 	fixation: autoDraw = False
116.7472 	EXP 	grating: autoDraw = True
116.7472 	EXP 	grating: tex = 'sin'
117.0464 	EXP 	grating: autoDraw = False
117.0984 	EXP 	window1: recordFrameIntervals = False
117.1005 	DATA 	Keypress: right
117.1130 	EXP 	fixation: autoDraw = False
117.1130 	EXP 	grating: autoDraw = False
117.1131 	EXP 	window1: recordFrameIntervals = False
118.0912 	EXP 	fixation: autoDraw = True
119.0965 	EXP 	fixation: autoDraw = False
119.1129 	EXP 	grating: autoDraw = True
119.1129 	EXP 	grating: tex = 'sin'
119.4137 	EXP 	grating: autoDraw = False
119.5158 	EXP 	window1: recordFrameIntervals = False
119.5179 	DATA 	Keypress: left
119.5301 	EXP 	fixation: autoDraw = False
119.5301 	EXP 	grating: autoDraw = False
119.5302 	EXP 	window1: recordFrameIntervals = False
120.5085 	EXP 	fixation: autoDraw = True
121.5138 	EXP 	fixation: autoDraw = False
121.5302 	EXP 	grating: autoDraw = True
121.5302 	EXP 	grating: tex = 'sin'
121.8301 	EXP 	grating: autoDraw = False
121.9319 	EXP 	window1: recordFrameIntervals = False
121.9340 	DATA 	Keypress: right
121.9472 	EXP 	fixation: autoDraw = False
121.9472 	EXP 	grating: autoDraw = False
121.9473 	EXP 	window1: recordFrameIntervals = False
122.9245 	EXP 	fixation: autoDraw = True
123.9300 	EXP 	fixation: autoDraw = False
123.9300 	EXP 	grating: autoDraw = True
123.9300 	EXP 	grating: tex = 'sin'
124.2307 	EXP 	grating: autoDraw = False
124.7661 	EXP 	window1: recordFrameIntervals = False
124.7684 	DATA 	Keypress: left
124.7800 	EXP 	fixation: autoDraw = False
124.7800 	EXP 	grating: autoDraw = False
124.7801 	EXP 	window1: recordFrameIntervals = False
125.7592 	EXP 	fixation: autoDraw = True
126.7637 	EXP 	fixation: autoDraw = False
126.7807 	EXP 	grating: autoDraw = True
126.7807 	EXP 	grating: tex = 'sin'
127.0799 	EXP 	grating: autoDraw = False
127.2657 	EXP 	window1: recordFrameIntervals = False
127.2681 	DATA 	Keypress: left
127.2801 	EXP 	fixation: autoDraw = False
127.2801 	EXP 	grating: autoDraw = False
127.2802 	EXP 	window1: recordFrameIntervals = False
128.2584 	EXP 	fixation: autoDraw = True
129.2634 	EXP 	fixation: autoDraw = False
129.2634 	EXP 	grating: autoDraw = True
129.2634 	EXP 	grating: tex = 'sin'
129.5632 	EXP 	grating: autoDraw = False
129.9153 	EXP 	window1: recordFrameIntervals = False
129.9173 	DATA 	Keypress: right
129.9300 	EXP 	fixation: autoDraw = False
129.9300 	EXP 	grating: autoDraw = False
129.9301 	EXP 	window1: recordFrameIntervals = False
130.9083 	EXP 	fixation: autoDraw = True
131.9130 	EXP 	fixation: autoDraw = False
131.9130 	EXP 	grating: autoDraw = True
131.9130 	EXP 	grating: tex = 'sin'
132.2133 	EXP 	grating: autoDraw = False
132.4158 	EXP 	window1: recordFrameIntervals = False
132.4179 	DATA 	Keypress: right
132.4299 	EXP 	fixation: autoDraw = False
132.4299 	EXP 	grating: autoDraw = False
132.4300 	EXP 	window1: recordFrameIntervals = False
133.4085 	EXP 	fixation: autoDraw = True
134.4136 	EXP 	fixation: autoDraw = False
134.4307 	EXP 	grating: autoDraw = True
134.4307 	EXP 	grating: tex = 'sin'
134.7302 	EXP 	grating: autoDraw = False
135.0822 	EXP 	window1: recordFrameIntervals = False
135.0842 	DATA 	Keypress: left
135.0967 	EXP 	fixation: autoDraw = False
135.0967 	EXP 	grating: autoDraw = False
135.0968 	EXP 	window1: recordFrameIntervals = False
136.0747 	EXP 	fixation: autoDraw = True
137.0800 	EXP 	fixation: autoDraw = False
137.0965 	EXP 	grating: autoDraw = True
137.0965 	EXP 	grating: tex = 'sin'
137.3967 	EXP 	grating: autoDraw = False
137.6155 	EXP 	window1: recordFrameIntervals = False
137.6175 	DATA 	Keypress: right
137.6299 	EXP 	fixation: autoDraw = False
137.6299 	EXP 	grating: autoDraw = False
137.6300 	EXP 	window1: recordFrameIntervals = False
138.6085 	EXP 	fixation: autoDraw = True
139.6138 	EXP 	fixation: autoDraw = False
139.6308 	EXP 	grating: autoDraw = True
139.6308 	EXP 	grating: tex = 'sin'
139.9299 	EXP 	grating: autoDraw = False
140.1320 	EXP 	window1: recordFrameIntervals = False
140.1340 	DATA 	Keypress: right
140.1467 	EXP 	fixation: autoDraw = False
140.1467 	EXP 	grating: autoDraw = False
140.1468 	EXP 	window1: recordFrameIntervals = False
141.1249 	EXP 	fixation: autoDraw = True
142.1299 	EXP 	fixation: autoDraw = False
142.1299 	EXP 	grating: autoDraw = True
142.1299 	EXP 	grating: tex = 'sin'
142.4308 	EXP 	grating: autoDraw = False
142.5489 	EXP 	window1: recordFrameIntervals = False
142.5509 	DATA 	Keypress: left
142.5639 	EXP 	fixation: autoDraw = False
142.5639 	EXP 	grating: autoDraw = False
142.5640 	EXP 	window1: recordFrameIntervals = False
143.5414 	EXP 	fixation: autoDraw = True
144.5475 	EXP 	fixation: autoDraw = False
144.5475 	EXP 	grating: autoDraw = True
144.5475 	EXP 	grating: tex = 'sin'
144.8466 	EXP 	grating: autoDraw = False
144.9324 	EXP 	window1: recordFrameIntervals = False
144.9345 	DATA 	Keypress: left
144.9472 	EXP 	fixation: autoDraw = False
144.9472 	EXP 	grating: autoDraw = False
144.9473 	EXP 	window1: recordFrameIntervals = False
145.9253 	EXP 	fixation: autoDraw = True
146.9301 	EXP 	fixation: autoDraw = False
146.9473 	EXP 	grating: autoDraw = True
146.9473 	EXP 	grating: tex = 'sin'
147.2468 	EXP 	grating: autoDraw = False
147.4995 	EXP 	window1: recordFrameIntervals = False
147.5018 	DATA 	Keypress: left
147.5136 	EXP 	fixation: autoDraw = False
147.5136 	EXP 	grating: autoDraw = False
147.5137 	EXP 	window1: recordFrameIntervals = False
148.4924 	EXP 	fixation: autoDraw = True
149.4970 	EXP 	fixation: autoDraw = False
149.5141 	EXP 	grating: autoDraw = True
149.5141 	EXP 	grating: tex = 'sin'
149.8142 	EXP 	grating: autoDraw = False
151.5987 	EXP 	window1: recordFrameIntervals = False
151.6007 	DATA 	Keypress: right
151.6143 	EXP 	fixation: autoDraw = False
151.6143 	EXP 	grating: autoDraw = False
151.6144 	EXP 	window1: recordFrameIntervals = False
152.5917 	EXP 	fixation: autoDraw = True
153.5965 	EXP 	fixation: autoDraw = False
153.6136 	EXP 	grating: autoDraw = True
153.6136 	EXP 	grating: tex = 'sin'
153.9133 	EXP 	grating: autoDraw = False
154.0831 	EXP 	window1: recordFrameIntervals = False
154.0855 	DATA 	Keypress: left
154.0970 	EXP 	fixation: autoDraw = False
154.0970 	EXP 	grating: autoDraw = False
154.0971 	EXP 	window1: recordFrameIntervals = False
155.0761 	EXP 	fixation: autoDraw = True
156.0809 	EXP 	fixation: autoDraw = False
156.0972 	EXP 	grating: autoDraw = True
156.0972 	EXP 	grating: tex = 'sin'
156.3975 	EXP 	grating: autoDraw = False
156.4830 	EXP 	window1: recordFrameIntervals = False
156.4853 	DATA 	Keypress: right
156.4975 	EXP 	fixation: autoDraw = False
156.4975 	EXP 	grating: autoDraw = False
156.4976 	EXP 	window1: recordFrameIntervals = False
157.4757 	EXP 	fixation: autoDraw = True
158.4807 	EXP 	fixation: autoDraw = False
158.4966 	EXP 	grating: autoDraw = True
158.4966 	EXP 	grating: tex = 'sin'
158.7969 	EXP 	grating: autoDraw = False
158.9825 	EXP 	window1: recordFrameIntervals = False
158.9845 	DATA 	Keypress: left
158.9976 	EXP 	fixation: autoDraw = False
158.9976 	EXP 	grating: autoDraw = False
158.9977 	EXP 	window1: recordFrameIntervals = False
159.9755 	EXP 	fixation: autoDraw = True
160.9804 	EXP 	fixation: autoDraw = False
160.9804 	EXP 	grating: autoDraw = True
160.9804 	EXP 	grating: tex = 'sin'
161.2803 	EXP 	grating: autoDraw = False
161.5326 	EXP 	window1: recordFrameIntervals = False
161.5347 	DATA 	Keypress: left
161.5477 	EXP 	fixation: autoDraw = False
161.5477 	EXP 	grating: autoDraw = False
161.5478 	EXP 	window1: recordFrameIntervals = False
162.5253 	EXP 	fixation: autoDraw = True
163.5303 	EXP 	fixation: autoDraw = False
163.5468 	EXP 	grating: autoDraw = True
163.5468 	EXP 	grating: tex = 'sin'
163.8473 	EXP 	grating: autoDraw = False
163.9320 	EXP 	window1: recordFrameIntervals = False
163.9341 	DATA 	Keypress: right
163.9476 	EXP 	fixation: autoDraw = False
163.9476 	EXP 	grating: autoDraw = False
163.9477 	EXP 	window1: recordFrameIntervals = False
164.9247 	EXP 	fixation: autoDraw = True
165.9310 	EXP 	fixation: autoDraw = False
165.9310 	EXP 	grating: autoDraw = True
165.9310 	EXP 	grating: tex = 'sin'
166.2302 	EXP 	grating: autoDraw = False
166.4158 	EXP 	window1: recordFrameIntervals = False
166.4179 	DATA 	Keypress: left
166.4312 	EXP 	fixation: autoDraw = False
166.4312 	EXP 	grating: autoDraw = False
166.4313 	EXP 	window1: recordFrameIntervals = False
167.4087 	EXP 	fixation: autoDraw = True
168.4136 	EXP 	fixation: autoDraw = False
168.4310 	EXP 	grating: autoDraw = True
168.4310 	EXP 	grating: tex = 'sin'
168.7300 	EXP 	grating: autoDraw = False
168.7995 	EXP 	window1: recordFrameIntervals = False
168.8015 	DATA 	Keypress: right
168.8140 	EXP 	fixation: autoDraw = False
168.8140 	EXP 	grating: autoDraw = False
168.8141 	EXP 	window1: recordFrameIntervals = False
169.7923 	EXP 	fixation: autoDraw = True
170.7974 	EXP 	fixation: autoDraw = False
170.7974 	EXP 	grating: autoDraw = True
170.7974 	EXP 	grating: tex = 'sin'
171.0971 	EXP 	grating: autoDraw = False
171.1997 	EXP 	window1: recordFrameIntervals = False
171.2018 	DATA 	Keypress: left
171.2145 	EXP 	fixation: autoDraw = False
171.2145 	EXP 	grating: autoDraw = False
171.2146 	EXP 	window1: recordFrameIntervals = False
172.1923 	EXP 	fixation: autoDraw = True
173.1970 	EXP 	fixation: autoDraw = False
173.2143 	EXP 	grating: autoDraw = True
173.2143 	EXP 	grating: tex = 'sin'
173.5142 	EXP 	grating: autoDraw = False
173.6332 	EXP 	window1: recordFrameIntervals = False
173.6353 	DATA 	Keypress: left
173.6476 	EXP 	fixation: autoDraw = False
173.6476 	EXP 	grating: autoDraw = False
173.6478 	EXP 	window1: recordFrameIntervals = False
174.6260 	EXP 	fixation: autoDraw = True
175.6302 	EXP 	fixation: autoDraw = False
175.6469 	EXP 	grating: autoDraw = True
175.6469 	EXP 	grating: tex = 'sin'
175.9473 	EXP 	grating: autoDraw = False
176.0655 	EXP 	window1: recordFrameIntervals = False
176.0671 	DATA 	Keypress: right
176.0806 	EXP 	fixation: autoDraw = False
176.0806 	EXP 	grating: autoDraw = False
176.0807 	EXP 	window1: recordFrameIntervals = False
177.0586 	EXP 	fixation: autoDraw = True
178.0638 	EXP 	fixation: autoDraw = False
178.0638 	EXP 	grating: autoDraw = True
178.0638 	EXP 	grating: tex = 'sin'
178.3637 	EXP 	grating: autoDraw = False
178.4834 	EXP 	window1: recordFrameIntervals = False
178.4857 	DATA 	Keypress: left
178.4976 	EXP 	fixation: autoDraw = False
178.4976 	EXP 	grating: autoDraw = False
178.4977 	EXP 	window1: recordFrameIntervals = False
179.4762 	EXP 	fixation: autoDraw = True
180.4812 	EXP 	fixation: autoDraw = False
180.4971 	EXP 	grating: autoDraw = True
180.4971 	EXP 	grating: tex = 'sin'
180.7975 	EXP 	grating: autoDraw = False
180.9000 	EXP 	window1: recordFrameIntervals = False
180.9022 	DATA 	Keypress: right
180.9142 	EXP 	fixation: autoDraw = False
180.9142 	EXP 	grating: autoDraw = False
180.9143 	EXP 	window1: recordFrameIntervals = False
181.8928 	EXP 	fixation: autoDraw = True
182.8971 	EXP 	fixation: autoDraw = False
182.9136 	EXP 	grating: autoDraw = True
182.9136 	EXP 	grating: tex = 'sin'
183.2139 	EXP 	grating: autoDraw = False
183.3167 	EXP 	window1: recordFrameIntervals = False
183.3190 	DATA 	Keypress: left
183.3305 	EXP 	fixation: autoDraw = False
183.3305 	EXP 	grating: autoDraw = False
183.3306 	EXP 	window1: recordFrameIntervals = False
184.3091 	EXP 	fixation: autoDraw = True
185.3136 	EXP 	fixation: autoDraw = False
185.3307 	EXP 	grating: autoDraw = True
185.3307 	EXP 	grating: tex = 'sin'
185.6305 	EXP 	grating: autoDraw = False
185.6826 	EXP 	window1: recordFrameIntervals = False
185.6847 	DATA 	Keypress: right
185.6973 	EXP 	fixation: autoDraw = False
185.6973 	EXP 	grating: autoDraw = False
185.6974 	EXP 	window1: recordFrameIntervals = False
186.6757 	EXP 	fixation: autoDraw = True
187.6810 	EXP 	fixation: autoDraw = False
187.6810 	EXP 	grating: autoDraw = True
187.6810 	EXP 	grating: tex = 'sin'
187.9804 	EXP 	grating: autoDraw = False
188.0825 	EXP 	window1: recordFrameIntervals = False
188.0845 	DATA 	Keypress: left
188.0975 	EXP 	fixation: autoDraw = False
188.0975 	EXP 	grating: autoDraw = False
188.0976 	EXP 	window1: recordFrameIntervals = False
189.0753 	EXP 	fixation: autoDraw = True
190.0806 	EXP 	fixation: autoDraw = False
190.0987 	EXP 	grating: autoDraw = True
190.0987 	EXP 	grating: tex = 'sin'
190.3970 	EXP 	grating: autoDraw = False
190.5831 	EXP 	window1: recordFrameIntervals = False
190.5854 	DATA 	Keypress: left
190.5980 	EXP 	fixation: autoDraw = False
190.5980 	EXP 	grating: autoDraw = False
190.5981 	EXP 	window1: recordFrameIntervals = False
191.5757 	EXP 	fixation: autoDraw = True
192.5806 	EXP 	fixation: autoDraw = False
192.5806 	EXP 	grating: autoDraw = True
192.5806 	EXP 	grating: tex = 'sin'
192.8805 	EXP 	grating: autoDraw = False
192.9660 	EXP 	window1: recordFrameIntervals = False
192.9681 	DATA 	Keypress: left
192.9812 	EXP 	fixation: autoDraw = False
192.9812 	EXP 	grating: autoDraw = False
192.9813 	EXP 	window1: recordFrameIntervals = False
193.9589 	EXP 	fixation: autoDraw = True
194.9642 	EXP 	fixation: autoDraw = False
194.9642 	EXP 	grating: autoDraw = True
194.9642 	EXP 	grating: tex = 'sin'
195.2641 	EXP 	grating: autoDraw = False
195.3326 	EXP 	window1: recordFrameIntervals = False
195.3350 	DATA 	Keypress: left
195.3477 	EXP 	fixation: autoDraw = False
195.3477 	EXP 	grating: autoDraw = False
195.3478 	EXP 	window1: recordFrameIntervals = False
196.3255 	EXP 	fixation: autoDraw = True
197.3306 	EXP 	fixation: autoDraw = False
197.3474 	EXP 	grating: autoDraw = True
197.3474 	EXP 	grating: tex = 'sin'
197.6473 	EXP 	grating: autoDraw = False
197.7994 	EXP 	window1: recordFrameIntervals = False
197.8013 	DATA 	Keypress: left
197.8142 	EXP 	fixation: autoDraw = False
197.8142 	EXP 	grating: autoDraw = False
197.8143 	EXP 	window1: recordFrameIntervals = False
198.7920 	EXP 	fixation: autoDraw = True
199.7974 	EXP 	fixation: autoDraw = False
199.8138 	EXP 	grating: autoDraw = True
199.8138 	EXP 	grating: tex = 'sin'
200.1138 	EXP 	grating: autoDraw = False
200.1828 	EXP 	window1: recordFrameIntervals = False
200.1848 	DATA 	Keypress: right
200.1975 	EXP 	fixation: autoDraw = False
200.1975 	EXP 	grating: autoDraw = False
200.1976 	EXP 	window1: recordFrameIntervals = False
201.1755 	EXP 	fixation: autoDraw = True
202.1809 	EXP 	fixation: autoDraw = False
202.1974 	EXP 	grating: autoDraw = True
202.1974 	EXP 	grating: tex = 'sin'
202.4972 	EXP 	grating: autoDraw = False
202.6001 	EXP 	window1: recordFrameIntervals = False
202.6021 	DATA 	Keypress: left
202.6140 	EXP 	fixation: autoDraw = False
202.6140 	EXP 	grating: autoDraw = False
202.6141 	EXP 	window1: recordFrameIntervals = False
203.5928 	EXP 	fixation: autoDraw = True
204.5981 	EXP 	fixation: autoDraw = False
204.6145 	EXP 	grating: autoDraw = True
204.6145 	EXP 	grating: tex = 'sin'
204.9147 	EXP 	grating: autoDraw = False
205.0997 	EXP 	window1: recordFrameIntervals = False
205.1018 	DATA 	Keypress: left
205.1140 	EXP 	fixation: autoDraw = False
205.1140 	EXP 	grating: autoDraw = False
205.1141 	EXP 	window1: recordFrameIntervals = False
206.0922 	EXP 	fixation: autoDraw = True
207.0974 	EXP 	fixation: autoDraw = False
207.1147 	EXP 	grating: autoDraw = True
207.1147 	EXP 	grating: tex = 'sin'
207.4138 	EXP 	grating: autoDraw = False
207.4665 	EXP 	window1: recordFrameIntervals = False
207.4685 	DATA 	Keypress: right
207.4809 	EXP 	fixation: autoDraw = False
207.4809 	EXP 	grating: autoDraw = False
207.4810 	EXP 	window1: recordFrameIntervals = False
208.4594 	EXP 	fixation: autoDraw = True
209.4642 	EXP 	fixation: autoDraw = False
209.4804 	EXP 	grating: autoDraw = True
209.4804 	EXP 	grating: tex = 'sin'
209.7807 	EXP 	grating: autoDraw = False
209.8998 	EXP 	window1: recordFrameIntervals = False
209.9017 	DATA 	Keypress: left
209.9143 	EXP 	fixation: autoDraw = False
209.9143 	EXP 	grating: autoDraw = False
209.9144 	EXP 	window1: recordFrameIntervals = False
210.8925 	EXP 	fixation: autoDraw = True
211.8979 	EXP 	fixation: autoDraw = False
211.9140 	EXP 	grating: autoDraw = True
211.9140 	EXP 	grating: tex = 'sin'
212.2139 	EXP 	grating: autoDraw = False
212.3160 	EXP 	window1: recordFrameIntervals = False
212.3180 	DATA 	Keypress: right
212.3317 	EXP 	fixation: autoDraw = False
212.3317 	EXP 	grating: autoDraw = False
212.3318 	EXP 	window1: recordFrameIntervals = False
213.3088 	EXP 	fixation: autoDraw = True
214.3139 	EXP 	fixation: autoDraw = False
214.3307 	EXP 	grating: autoDraw = True
214.3307 	EXP 	grating: tex = 'sin'
214.6307 	EXP 	grating: autoDraw = False
214.7495 	EXP 	window1: recordFrameIntervals = False
214.7515 	DATA 	Keypress: right
214.7642 	EXP 	fixation: autoDraw = False
214.7642 	EXP 	grating: autoDraw = False
214.7643 	EXP 	window1: recordFrameIntervals = False
215.7426 	EXP 	fixation: autoDraw = True
216.7483 	EXP 	fixation: autoDraw = False
216.7483 	EXP 	grating: autoDraw = True
216.7483 	EXP 	grating: tex = 'sin'
217.0475 	EXP 	grating: autoDraw = False
217.0837 	EXP 	window1: recordFrameIntervals = False
217.0858 	DATA 	Keypress: right
217.0982 	EXP 	fixation: autoDraw = False
217.0982 	EXP 	grating: autoDraw = False
217.0983 	EXP 	window1: recordFrameIntervals = False
218.0766 	EXP 	fixation: autoDraw = True
219.0806 	EXP 	fixation: autoDraw = False
219.0974 	EXP 	grating: autoDraw = True
219.0974 	EXP 	grating: tex = 'sin'
219.3974 	EXP 	grating: autoDraw = False
219.4164 	EXP 	window1: recordFrameIntervals = False
219.4184 	DATA 	Keypress: right
219.4315 	EXP 	fixation: autoDraw = False
219.4315 	EXP 	grating: autoDraw = False
219.4316 	EXP 	window1: recordFrameIntervals = False
220.4092 	EXP 	fixation: autoDraw = True
221.4146 	EXP 	fixation: autoDraw = False
221.4317 	EXP 	grating: autoDraw = True
221.4317 	EXP 	grating: tex = 'sin'
221.7308 	EXP 	grating: autoDraw = False
221.7834 	EXP 	window1: recordFrameIntervals = False
221.7856 	DATA 	Keypress: right
221.7982 	EXP 	fixation: autoDraw = False
221.7982 	EXP 	grating: autoDraw = False
221.7983 	EXP 	window1: recordFrameIntervals = False
222.7761 	EXP 	fixation: autoDraw = True
223.7811 	EXP 	fixation: autoDraw = False
223.7975 	EXP 	grating: autoDraw = True
223.7975 	EXP 	grating: tex = 'sin'
224.0973 	EXP 	grating: autoDraw = False
224.2498 	EXP 	window1: recordFrameIntervals = False
224.2519 	DATA 	Keypress: left
224.2643 	EXP 	fixation: autoDraw = False
224.2643 	EXP 	grating: autoDraw = False
224.2644 	EXP 	window1: recordFrameIntervals = False
225.2427 	EXP 	fixation: autoDraw = True
226.2483 	EXP 	fixation: autoDraw = False
226.2483 	EXP 	grating: autoDraw = True
226.2483 	EXP 	grating: tex = 'sin'
226.5476 	EXP 	grating: autoDraw = False
226.6164 	EXP 	window1: recordFrameIntervals = False
226.6185 	DATA 	Keypress: right
226.6311 	EXP 	fixation: autoDraw = False
226.6311 	EXP 	grating: autoDraw = False
226.6312 	EXP 	window1: recordFrameIntervals = False
227.6092 	EXP 	fixation: autoDraw = True
228.6147 	EXP 	fixation: autoDraw = False
228.6307 	EXP 	grating: autoDraw = True
228.6307 	EXP 	grating: tex = 'sin'
228.9307 	EXP 	grating: autoDraw = False
229.0171 	EXP 	window1: recordFrameIntervals = False
229.0192 	DATA 	Keypress: right
229.0316 	EXP 	fixation: autoDraw = False
229.0316 	EXP 	grating: autoDraw = False
229.0317 	EXP 	window1: recordFrameIntervals = False
230.0100 	EXP 	fixation: autoDraw = True
231.0142 	EXP 	fixation: autoDraw = False
231.0309 	EXP 	grating: autoDraw = True
231.0309 	EXP 	grating: tex = 'sin'
231.3312 	EXP 	grating: autoDraw = False
231.4667 	EXP 	window1: recordFrameIntervals = False
231.4688 	DATA 	Keypress: left
231.4819 	EXP 	fixation: autoDraw = False
231.4819 	EXP 	grating: autoDraw = False
231.4820 	EXP 	window1: recordFrameIntervals = False
232.4593 	EXP 	fixation: autoDraw = True
233.4649 	EXP 	fixation: autoDraw = False
233.4649 	EXP 	grating: autoDraw = True
233.4649 	EXP 	grating: tex = 'sin'
233.7641 	EXP 	grating: autoDraw = False
233.8167 	EXP 	window1: recordFrameIntervals = False
233.8189 	DATA 	Keypress: right
233.8317 	EXP 	fixation: autoDraw = False
233.8317 	EXP 	grating: autoDraw = False
233.8318 	EXP 	window1: recordFrameIntervals = False
234.8095 	EXP 	fixation: autoDraw = True
235.8144 	EXP 	fixation: autoDraw = False
235.8310 	EXP 	grating: autoDraw = True
235.8310 	EXP 	grating: tex = 'sin'
236.1307 	EXP 	grating: autoDraw = False
236.1995 	EXP 	window1: recordFrameIntervals = False
236.2015 	DATA 	Keypress: right
236.2153 	EXP 	fixation: autoDraw = False
236.2153 	EXP 	grating: autoDraw = False
236.2154 	EXP 	window1: recordFrameIntervals = False
237.1923 	EXP 	fixation: autoDraw = True
238.1982 	EXP 	fixation: autoDraw = False
238.1982 	EXP 	grating: autoDraw = True
238.1982 	EXP 	grating: tex = 'sin'
238.4977 	EXP 	grating: autoDraw = False
238.5331 	EXP 	window1: recordFrameIntervals = False
238.5353 	DATA 	Keypress: right
238.5475 	EXP 	fixation: autoDraw = False
238.5475 	EXP 	grating: autoDraw = False
238.5476 	EXP 	window1: recordFrameIntervals = False
239.5261 	EXP 	fixation: autoDraw = True
240.5316 	EXP 	fixation: autoDraw = False
240.5316 	EXP 	grating: autoDraw = True
240.5316 	EXP 	grating: tex = 'sin'
240.8310 	EXP 	grating: autoDraw = False
240.8670 	EXP 	window1: recordFrameIntervals = False
240.8690 	DATA 	Keypress: right
240.8812 	EXP 	fixation: autoDraw = False
240.8812 	EXP 	grating: autoDraw = False
240.8813 	EXP 	window1: recordFrameIntervals = False
241.8598 	EXP 	fixation: autoDraw = True
242.8641 	EXP 	fixation: autoDraw = False
242.8813 	EXP 	grating: autoDraw = True
242.8813 	EXP 	grating: tex = 'sin'
243.1811 	EXP 	grating: autoDraw = False
243.2337 	EXP 	window1: recordFrameIntervals = False
243.2362 	DATA 	Keypress: right
243.2480 	EXP 	fixation: autoDraw = False
243.2480 	EXP 	grating: autoDraw = False
243.2481 	EXP 	window1: recordFrameIntervals = False
244.2267 	EXP 	fixation: autoDraw = True
245.2309 	EXP 	fixation: autoDraw = False
245.2478 	EXP 	grating: autoDraw = True
245.2478 	EXP 	grating: tex = 'sin'
245.5478 	EXP 	grating: autoDraw = False
245.7332 	EXP 	window1: recordFrameIntervals = False
245.7353 	DATA 	Keypress: left
245.7478 	EXP 	fixation: autoDraw = False
245.7478 	EXP 	grating: autoDraw = False
245.7479 	EXP 	window1: recordFrameIntervals = False
246.7257 	EXP 	fixation: autoDraw = True
247.7310 	EXP 	fixation: autoDraw = False
247.7476 	EXP 	grating: autoDraw = True
247.7476 	EXP 	grating: tex = 'sin'
248.0481 	EXP 	grating: autoDraw = False
248.1172 	EXP 	window1: recordFrameIntervals = False
248.1195 	DATA 	Keypress: right
248.1310 	EXP 	fixation: autoDraw = False
248.1310 	EXP 	grating: autoDraw = False
248.1311 	EXP 	window1: recordFrameIntervals = False
249.1100 	EXP 	fixation: autoDraw = True
250.1176 	EXP 	fixation: autoDraw = False
250.1176 	EXP 	grating: autoDraw = True
250.1176 	EXP 	grating: tex = 'sin'
250.4313 	EXP 	grating: autoDraw = False
250.4510 	EXP 	window1: recordFrameIntervals = False
250.4533 	DATA 	Keypress: right
250.4645 	EXP 	fixation: autoDraw = False
250.4645 	EXP 	grating: autoDraw = False
250.4646 	EXP 	window1: recordFrameIntervals = False
251.4439 	EXP 	fixation: autoDraw = True
252.4485 	EXP 	fixation: autoDraw = False
252.4651 	EXP 	grating: autoDraw = True
252.4651 	EXP 	grating: tex = 'sin'
252.7649 	EXP 	grating: autoDraw = False
252.8837 	EXP 	window1: recordFrameIntervals = False
252.8857 	DATA 	Keypress: right
252.8984 	EXP 	fixation: autoDraw = False
252.8984 	EXP 	grating: autoDraw = False
252.8985 	EXP 	window1: recordFrameIntervals = False
253.8761 	EXP 	fixation: autoDraw = True
254.8814 	EXP 	fixation: autoDraw = False
254.8977 	EXP 	grating: autoDraw = True
254.8977 	EXP 	grating: tex = 'sin'
255.1977 	EXP 	grating: autoDraw = False
255.3163 	EXP 	window1: recordFrameIntervals = False
255.3183 	DATA 	Keypress: right
255.3320 	EXP 	fixation: autoDraw = False
255.3320 	EXP 	grating: autoDraw = False
255.3320 	EXP 	window1: recordFrameIntervals = False
256.3090 	EXP 	fixation: autoDraw = True
257.3145 	EXP 	fixation: autoDraw = False
257.3145 	EXP 	grating: autoDraw = True
257.3145 	EXP 	grating: tex = 'sin'
257.6150 	EXP 	grating: autoDraw = False
257.6675 	EXP 	window1: recordFrameIntervals = False
257.6697 	DATA 	Keypress: right
257.6820 	EXP 	fixation: autoDraw = False
257.6820 	EXP 	grating: autoDraw = False
257.6821 	EXP 	window1: recordFrameIntervals = False
258.6599 	EXP 	fixation: autoDraw = True
259.6645 	EXP 	fixation: autoDraw = False
259.6809 	EXP 	grating: autoDraw = True
259.6809 	EXP 	grating: tex = 'sin'
259.9813 	EXP 	grating: autoDraw = False
260.0340 	EXP 	window1: recordFrameIntervals = False
260.0361 	DATA 	Keypress: right
260.0483 	EXP 	fixation: autoDraw = False
260.0483 	EXP 	grating: autoDraw = False
260.0484 	EXP 	window1: recordFrameIntervals = False
261.0269 	EXP 	fixation: autoDraw = True
262.0311 	EXP 	fixation: autoDraw = False
262.0477 	EXP 	grating: autoDraw = True
262.0477 	EXP 	grating: tex = 'sin'
262.2162 	EXP 	window1: recordFrameIntervals = False
262.2182 	DATA 	Keypress: right
262.2321 	EXP 	fixation: autoDraw = False
262.2321 	EXP 	grating: autoDraw = False
262.2322 	EXP 	window1: recordFrameIntervals = False
263.2086 	EXP 	fixation: autoDraw = True
264.2148 	EXP 	fixation: autoDraw = False
264.2312 	EXP 	grating: autoDraw = True
264.2312 	EXP 	grating: tex = 'sin'
264.5313 	EXP 	grating: autoDraw = False
264.6667 	EXP 	window1: recordFrameIntervals = False
264.6688 	DATA 	Keypress: left
264.6814 	EXP 	fixation: autoDraw = False
264.6814 	EXP 	grating: autoDraw = False
264.6815 	EXP 	window1: recordFrameIntervals = False
265.6598 	EXP 	fixation: autoDraw = True
266.6654 	EXP 	fixation: autoDraw = False
266.6817 	EXP 	grating: autoDraw = True
266.6817 	EXP 	grating: tex = 'sin'
266.9817 	EXP 	grating: autoDraw = False
267.1670 	EXP 	window1: recordFrameIntervals = False
267.1691 	DATA 	Keypress: left
267.1820 	EXP 	fixation: autoDraw = False
267.1820 	EXP 	grating: autoDraw = False
267.1821 	EXP 	window1: recordFrameIntervals = False
268.1597 	EXP 	fixation: autoDraw = True
269.1646 	EXP 	fixation: autoDraw = False
269.1812 	EXP 	grating: autoDraw = True
269.1812 	EXP 	grating: tex = 'sin'
269.4810 	EXP 	grating: autoDraw = False
269.6337 	EXP 	window1: recordFrameIntervals = False
269.6359 	DATA 	Keypress: right
269.6487 	EXP 	fixation: autoDraw = False
269.6487 	EXP 	grating: autoDraw = False
269.6488 	EXP 	window1: recordFrameIntervals = False
270.6263 	EXP 	fixation: autoDraw = True
271.6320 	EXP 	fixation: autoDraw = False
271.6320 	EXP 	grating: autoDraw = True
271.6320 	EXP 	grating: tex = 'sin'
271.9310 	EXP 	grating: autoDraw = False
272.0003 	EXP 	window1: recordFrameIntervals = False
272.0023 	DATA 	Keypress: right
272.0154 	EXP 	fixation: autoDraw = False
272.0154 	EXP 	grating: autoDraw = False
272.0155 	EXP 	window1: recordFrameIntervals = False
272.9928 	EXP 	fixation: autoDraw = True
273.9983 	EXP 	fixation: autoDraw = False
274.0146 	EXP 	grating: autoDraw = True
274.0146 	EXP 	grating: tex = 'sin'
274.3145 	EXP 	grating: autoDraw = False
274.5340 	EXP 	window1: recordFrameIntervals = False
274.5362 	DATA 	Keypress: right
274.5489 	EXP 	fixation: autoDraw = False
274.5489 	EXP 	grating: autoDraw = False
274.5490 	EXP 	window1: recordFrameIntervals = False
275.5271 	EXP 	fixation: autoDraw = True
276.5315 	EXP 	fixation: autoDraw = False
276.5315 	EXP 	grating: autoDraw = True
276.5315 	EXP 	grating: tex = 'sin'
276.8312 	EXP 	grating: autoDraw = False
276.8840 	EXP 	window1: recordFrameIntervals = False
276.8860 	DATA 	Keypress: right
276.8989 	EXP 	fixation: autoDraw = False
276.8989 	EXP 	grating: autoDraw = False
276.8990 	EXP 	window1: recordFrameIntervals = False
277.8764 	EXP 	fixation: autoDraw = True
278.8813 	EXP 	fixation: autoDraw = False
278.8979 	EXP 	grating: autoDraw = True
278.8979 	EXP 	grating: tex = 'sin'
279.1984 	EXP 	grating: autoDraw = False
279.2343 	EXP 	window1: recordFrameIntervals = False
279.2365 	DATA 	Keypress: right
279.2479 	EXP 	fixation: autoDraw = False
279.2479 	EXP 	grating: autoDraw = False
279.2480 	EXP 	window1: recordFrameIntervals = False
280.2272 	EXP 	fixation: autoDraw = True
281.2312 	EXP 	fixation: autoDraw = False
281.2482 	EXP 	grating: autoDraw = True
281.2482 	EXP 	grating: tex = 'sin'
281.5480 	EXP 	grating: autoDraw = False
281.5836 	EXP 	window1: recordFrameIntervals = False
281.5856 	DATA 	Keypress: right
281.5988 	EXP 	fixation: autoDraw = False
281.5988 	EXP 	grating: autoDraw = False
281.5989 	EXP 	window1: recordFrameIntervals = False
282.5764 	EXP 	fixation: autoDraw = True
283.5815 	EXP 	fixation: autoDraw = False
283.5815 	EXP 	grating: autoDraw = True
283.5815 	EXP 	grating: tex = 'sin'
283.8814 	EXP 	grating: autoDraw = False
283.9673 	EXP 	window1: recordFrameIntervals = False
283.9693 	DATA 	Keypress: right
283.9818 	EXP 	fixation: autoDraw = False
283.9818 	EXP 	grating: autoDraw = False
283.9819 	EXP 	window1: recordFrameIntervals = False
284.9600 	EXP 	fixation: autoDraw = True
285.9650 	EXP 	fixation: autoDraw = False
285.9817 	EXP 	grating: autoDraw = True
285.9817 	EXP 	grating: tex = 'sin'
286.2816 	EXP 	grating: autoDraw = False
286.4676 	EXP 	window1: recordFrameIntervals = False
286.4701 	DATA 	Keypress: left
286.4820 	EXP 	fixation: autoDraw = False
286.4820 	EXP 	grating: autoDraw = False
286.4821 	EXP 	window1: recordFrameIntervals = False
287.4605 	EXP 	fixation: autoDraw = True
288.4653 	EXP 	fixation: autoDraw = False
288.4821 	EXP 	grating: autoDraw = True
288.4821 	EXP 	grating: tex = 'sin'
288.7820 	EXP 	grating: autoDraw = False
288.9335 	EXP 	window1: recordFrameIntervals = False
288.9357 	DATA 	Keypress: left
288.9480 	EXP 	fixation: autoDraw = False
288.9480 	EXP 	grating: autoDraw = False
288.9481 	EXP 	window1: recordFrameIntervals = False
289.9262 	EXP 	fixation: autoDraw = True
290.9317 	EXP 	fixation: autoDraw = False
290.9491 	EXP 	grating: autoDraw = True
290.9491 	EXP 	grating: tex = 'sin'
291.2648 	EXP 	grating: autoDraw = False
291.5007 	EXP 	window1: recordFrameIntervals = False
291.5031 	DATA 	Keypress: right
291.5157 	EXP 	fixation: autoDraw = False
291.5157 	EXP 	grating: autoDraw = False
291.5158 	EXP 	window1: recordFrameIntervals = False
292.4935 	EXP 	fixation: autoDraw = True
293.4991 	EXP 	fixation: autoDraw = False
293.4991 	EXP 	grating: autoDraw = True
293.4991 	EXP 	grating: tex = 'sin'
293.7991 	EXP 	grating: autoDraw = False
294.2000 	EXP 	window1: recordFrameIntervals = False
294.2021 	DATA 	Keypress: left
294.2154 	EXP 	fixation: autoDraw = False
294.2154 	EXP 	grating: autoDraw = False
294.2155 	EXP 	window1: recordFrameIntervals = False
295.1931 	EXP 	fixation: autoDraw = True
296.1992 	EXP 	fixation: autoDraw = False
296.1992 	EXP 	grating: autoDraw = True
296.1992 	EXP 	grating: tex = 'sin'
296.5153 	EXP 	grating: autoDraw = False
296.6501 	EXP 	window1: recordFrameIntervals = False
296.6521 	DATA 	Keypress: right
296.6655 	EXP 	fixation: autoDraw = False
296.6655 	EXP 	grating: autoDraw = False
296.6656 	EXP 	window1: recordFrameIntervals = False
297.6429 	EXP 	fixation: autoDraw = True
298.6479 	EXP 	fixation: autoDraw = False
298.6479 	EXP 	grating: autoDraw = True
298.6479 	EXP 	grating: tex = 'sin'
298.9481 	EXP 	grating: autoDraw = False
299.0509 	EXP 	window1: recordFrameIntervals = False
299.0529 	DATA 	Keypress: left
299.0652 	EXP 	fixation: autoDraw = False
299.0652 	EXP 	grating: autoDraw = False
299.0653 	EXP 	window1: recordFrameIntervals = False
300.0437 	EXP 	fixation: autoDraw = True
301.0483 	EXP 	fixation: autoDraw = False
301.0649 	EXP 	grating: autoDraw = True
301.0649 	EXP 	grating: tex = 'sin'
301.3647 	EXP 	grating: autoDraw = False
301.5838 	EXP 	window1: recordFrameIntervals = False
301.5859 	DATA 	Keypress: right
301.5982 	EXP 	fixation: autoDraw = False
301.5982 	EXP 	grating: autoDraw = False
301.5983 	EXP 	window1: recordFrameIntervals = False
302.5767 	EXP 	fixation: autoDraw = True
303.5817 	EXP 	fixation: autoDraw = False
303.5983 	EXP 	grating: autoDraw = True
303.5983 	EXP 	grating: tex = 'sin'
303.8982 	EXP 	grating: autoDraw = False
304.0337 	EXP 	window1: recordFrameIntervals = False
304.0358 	DATA 	Keypress: right
304.0492 	EXP 	fixation: autoDraw = False
304.0492 	EXP 	grating: autoDraw = False
304.0493 	EXP 	window1: recordFrameIntervals = False
305.0263 	EXP 	fixation: autoDraw = True
306.0320 	EXP 	fixation: autoDraw = False
306.0320 	EXP 	grating: autoDraw = True
306.0320 	EXP 	grating: tex = 'sin'
306.3317 	EXP 	grating: autoDraw = False
306.6005 	EXP 	window1: recordFrameIntervals = False
306.6025 	DATA 	Keypress: left
306.6150 	EXP 	fixation: autoDraw = False
306.6150 	EXP 	grating: autoDraw = False
306.6151 	EXP 	window1: recordFrameIntervals = False
307.5933 	EXP 	fixation: autoDraw = True
308.5985 	EXP 	fixation: autoDraw = False
308.5985 	EXP 	grating: autoDraw = True
308.5985 	EXP 	grating: tex = 'sin'
308.8985 	EXP 	grating: autoDraw = False
309.0517 	DATA 	Keypress: left
309.0655 	EXP 	fixation: autoDraw = False
309.0655 	EXP 	grating: autoDraw = False
309.1190 	EXP 	window1: mouseVisible = True
